2026-03-20 14:01:34.7959|INFO|emirates_ftp_app.Program|Application started for module SO 
2026-03-20 14:01:57.2011|INFO|myAppLoggerRules|Number of Customers : 1 
2026-03-20 14:01:57.2011|INFO|myAppLoggerRules|PROJECT-NAME : LEEM-ECOM1 
2026-03-20 14:02:15.6394|INFO|myAppLoggerRules|Connecting FTP... 
2026-03-20 14:02:18.2011|INFO|myAppLoggerRules|FTP Connected 
2026-03-20 14:02:18.2011|INFO|myAppLoggerRules|Reading /TEST_SUB2 folder 
2026-03-20 14:02:18.2797|INFO|myAppLoggerRules|Total files availabe in FTP  : 1 
2026-03-20 14:02:19.5866|INFO|myAppLoggerRules|Number of Sales Order in FTP : 1 
2026-03-20 14:02:23.6866|INFO|myAppLoggerRules|File Download Completed 
2026-03-20 14:03:13.5956|ERROR|Microsoft.EntityFrameworkCore.Database.Connection|An error occurred using the connection to database '' on server ''. 
2026-03-20 14:03:13.6398|ERROR|Microsoft.EntityFrameworkCore.Update|An exception occurred in the database while saving changes for context type 'emirates_ftp_app.Data.NassDbContext'.
System.ObjectDisposedException: Cannot access a disposed object.
Object name: 'OracleConnectionInternal'.
   at OracleInternal.ServiceObjects.OracleConnectionInternal.OpenInternalAsync(Boolean bAsync)
   at OracleInternal.ServiceObjects.OracleConnectionInternal.OpenAsyncHelper(CancellationToken cancellationToken)
   at OracleInternal.ServiceObjects.OracleConnectionInternal.OpenAsync(CancellationToken cancellationToken)
   at Microsoft.EntityFrameworkCore.Storage.RelationalConnection.OpenInternalAsync(Boolean errorsExpected, CancellationToken cancellationToken)
   at Microsoft.EntityFrameworkCore.Storage.RelationalConnection.OpenInternalAsync(Boolean errorsExpected, CancellationToken cancellationToken)
   at Microsoft.EntityFrameworkCore.Storage.RelationalConnection.OpenAsync(CancellationToken cancellationToken, Boolean errorsExpected)
   at Microsoft.EntityFrameworkCore.Storage.RelationalConnection.BeginTransactionAsync(IsolationLevel isolationLevel, CancellationToken cancellationToken)
   at Microsoft.EntityFrameworkCore.Storage.RelationalConnection.BeginTransactionAsync(CancellationToken cancellationToken)
   at Microsoft.EntityFrameworkCore.Update.Internal.BatchExecutor.ExecuteAsync(IEnumerable`1 commandBatches, IRelationalConnection connection, CancellationToken cancellationToken)
   at Microsoft.EntityFrameworkCore.Update.Internal.BatchExecutor.ExecuteAsync(IEnumerable`1 commandBatches, IRelationalConnection connection, CancellationToken cancellationToken)
   at Microsoft.EntityFrameworkCore.Update.Internal.BatchExecutor.ExecuteAsync(IEnumerable`1 commandBatches, IRelationalConnection connection, CancellationToken cancellationToken)
   at Microsoft.EntityFrameworkCore.Storage.RelationalDatabase.SaveChangesAsync(IList`1 entries, CancellationToken cancellationToken)
   at Microsoft.EntityFrameworkCore.ChangeTracking.Internal.StateManager.SaveChangesAsync(IList`1 entriesToSave, CancellationToken cancellationToken)
   at Microsoft.EntityFrameworkCore.ChangeTracking.Internal.StateManager.SaveChangesAsync(StateManager stateManager, Boolean acceptAllChangesOnSuccess, CancellationToken cancellationToken)
   at Oracle.EntityFrameworkCore.Storage.Internal.OracleExecutionStrategy.ExecuteAsync[TState,TResult](TState state, Func`4 operation, Func`4 verifySucceeded, CancellationToken cancellationToken)
   at Microsoft.EntityFrameworkCore.DbContext.SaveChangesAsync(Boolean acceptAllChangesOnSuccess, CancellationToken cancellationToken) System.ObjectDisposedException: Cannot access a disposed object.
Object name: 'OracleConnectionInternal'.
   at OracleInternal.ServiceObjects.OracleConnectionInternal.OpenInternalAsync(Boolean bAsync)
   at OracleInternal.ServiceObjects.OracleConnectionInternal.OpenAsyncHelper(CancellationToken cancellationToken)
   at OracleInternal.ServiceObjects.OracleConnectionInternal.OpenAsync(CancellationToken cancellationToken)
   at Microsoft.EntityFrameworkCore.Storage.RelationalConnection.OpenInternalAsync(Boolean errorsExpected, CancellationToken cancellationToken)
   at Microsoft.EntityFrameworkCore.Storage.RelationalConnection.OpenInternalAsync(Boolean errorsExpected, CancellationToken cancellationToken)
   at Microsoft.EntityFrameworkCore.Storage.RelationalConnection.OpenAsync(CancellationToken cancellationToken, Boolean errorsExpected)
   at Microsoft.EntityFrameworkCore.Storage.RelationalConnection.BeginTransactionAsync(IsolationLevel isolationLevel, CancellationToken cancellationToken)
   at Microsoft.EntityFrameworkCore.Storage.RelationalConnection.BeginTransactionAsync(CancellationToken cancellationToken)
   at Microsoft.EntityFrameworkCore.Update.Internal.BatchExecutor.ExecuteAsync(IEnumerable`1 commandBatches, IRelationalConnection connection, CancellationToken cancellationToken)
   at Microsoft.EntityFrameworkCore.Update.Internal.BatchExecutor.ExecuteAsync(IEnumerable`1 commandBatches, IRelationalConnection connection, CancellationToken cancellationToken)
   at Microsoft.EntityFrameworkCore.Update.Internal.BatchExecutor.ExecuteAsync(IEnumerable`1 commandBatches, IRelationalConnection connection, CancellationToken cancellationToken)
   at Microsoft.EntityFrameworkCore.Storage.RelationalDatabase.SaveChangesAsync(IList`1 entries, CancellationToken cancellationToken)
   at Microsoft.EntityFrameworkCore.ChangeTracking.Internal.StateManager.SaveChangesAsync(IList`1 entriesToSave, CancellationToken cancellationToken)
   at Microsoft.EntityFrameworkCore.ChangeTracking.Internal.StateManager.SaveChangesAsync(StateManager stateManager, Boolean acceptAllChangesOnSuccess, CancellationToken cancellationToken)
   at Oracle.EntityFrameworkCore.Storage.Internal.OracleExecutionStrategy.ExecuteAsync[TState,TResult](TState state, Func`4 operation, Func`4 verifySucceeded, CancellationToken cancellationToken)
   at Microsoft.EntityFrameworkCore.DbContext.SaveChangesAsync(Boolean acceptAllChangesOnSuccess, CancellationToken cancellationToken)
2026-03-20 14:03:20.2933|ERROR|myAppLoggerRules|Cannot access a disposed object.
Object name: 'OracleConnectionInternal'. 
